2024-08-28T10:38:53.078+05:30  INFO 22108 --- [oracle-springboot-demo] [restartedMain] com.oracle.demo.App                      : Starting App using Java 17 with PID 22108 (D:\VamanPro\Codes\oracle-2024\oracle-eclipse-ws\oracle-springboot-demo\target\classes started by DELL in D:\VamanPro\Codes\oracle-2024\oracle-eclipse-ws\oracle-springboot-demo)
2024-08-28T10:38:53.079+05:30  INFO 22108 --- [oracle-springboot-demo] [restartedMain] com.oracle.demo.App                      : No active profile set, falling back to 1 default profile: "default"
2024-08-28T10:38:53.231+05:30  INFO 22108 --- [oracle-springboot-demo] [restartedMain] .s.d.r.c.RepositoryConfigurationDelegate : Bootstrapping Spring Data JPA repositories in DEFAULT mode.
2024-08-28T10:38:53.242+05:30  INFO 22108 --- [oracle-springboot-demo] [restartedMain] .s.d.r.c.RepositoryConfigurationDelegate : Finished Spring Data repository scanning in 9 ms. Found 1 JPA repository interface.
2024-08-28T10:38:53.347+05:30  INFO 22108 --- [oracle-springboot-demo] [restartedMain] o.s.b.w.embedded.tomcat.TomcatWebServer  : Tomcat initialized with port 8090 (http)
2024-08-28T10:38:53.350+05:30  INFO 22108 --- [oracle-springboot-demo] [restartedMain] o.apache.catalina.core.StandardService   : Starting service [Tomcat]
2024-08-28T10:38:53.350+05:30  INFO 22108 --- [oracle-springboot-demo] [restartedMain] o.apache.catalina.core.StandardEngine    : Starting Servlet engine: [Apache Tomcat/10.1.28]
2024-08-28T10:38:53.372+05:30  INFO 22108 --- [oracle-springboot-demo] [restartedMain] o.a.c.c.C.[Tomcat].[localhost].[/]       : Initializing Spring embedded WebApplicationContext
2024-08-28T10:38:53.372+05:30  INFO 22108 --- [oracle-springboot-demo] [restartedMain] w.s.c.ServletWebServerApplicationContext : Root WebApplicationContext: initialization completed in 291 ms
2024-08-28T10:38:53.406+05:30  INFO 22108 --- [oracle-springboot-demo] [restartedMain] o.hibernate.jpa.internal.util.LogHelper  : HHH000204: Processing PersistenceUnitInfo [name: default]
2024-08-28T10:38:53.409+05:30  INFO 22108 --- [oracle-springboot-demo] [restartedMain] o.h.c.internal.RegionFactoryInitiator    : HHH000026: Second-level cache disabled
2024-08-28T10:38:53.432+05:30  INFO 22108 --- [oracle-springboot-demo] [restartedMain] o.s.o.j.p.SpringPersistenceUnitInfo      : No LoadTimeWeaver setup: ignoring JPA class transformer
2024-08-28T10:38:53.434+05:30  INFO 22108 --- [oracle-springboot-demo] [restartedMain] com.zaxxer.hikari.HikariDataSource       : HikariPool-2 - Starting...
2024-08-28T10:38:53.484+05:30  INFO 22108 --- [oracle-springboot-demo] [restartedMain] com.zaxxer.hikari.pool.HikariPool        : HikariPool-2 - Added connection org.postgresql.jdbc.PgConnection@7cec5614
2024-08-28T10:38:53.485+05:30  INFO 22108 --- [oracle-springboot-demo] [restartedMain] com.zaxxer.hikari.HikariDataSource       : HikariPool-2 - Start completed.
2024-08-28T10:38:53.499+05:30  WARN 22108 --- [oracle-springboot-demo] [restartedMain] org.hibernate.orm.deprecation            : HHH90000025: PostgreSQLDialect does not need to be specified explicitly using 'hibernate.dialect' (remove the property setting and it will be selected by default)
2024-08-28T10:38:53.554+05:30  INFO 22108 --- [oracle-springboot-demo] [restartedMain] o.h.e.t.j.p.i.JtaPlatformInitiator       : HHH000489: No JTA platform available (set 'hibernate.transaction.jta.platform' to enable JTA platform integration)
2024-08-28T10:38:53.571+05:30  INFO 22108 --- [oracle-springboot-demo] [restartedMain] j.LocalContainerEntityManagerFactoryBean : Initialized JPA EntityManagerFactory for persistence unit 'default'
2024-08-28T10:38:53.643+05:30  WARN 22108 --- [oracle-springboot-demo] [restartedMain] JpaBaseConfiguration$JpaWebConfiguration : spring.jpa.open-in-view is enabled by default. Therefore, database queries may be performed during view rendering. Explicitly configure spring.jpa.open-in-view to disable this warning
2024-08-28T10:38:53.714+05:30  INFO 22108 --- [oracle-springboot-demo] [restartedMain] o.s.b.d.a.OptionalLiveReloadServer       : LiveReload server is running on port 35729
2024-08-28T10:38:53.721+05:30  INFO 22108 --- [oracle-springboot-demo] [restartedMain] o.s.b.w.embedded.tomcat.TomcatWebServer  : Tomcat started on port 8090 (http) with context path '/'
2024-08-28T10:38:53.725+05:30  INFO 22108 --- [oracle-springboot-demo] [restartedMain] com.oracle.demo.App                      : Started App in 0.684 seconds (process running for 173.043)
2024-08-28T10:38:53.727+05:30  INFO 22108 --- [oracle-springboot-demo] [restartedMain] .ConditionEvaluationDeltaLoggingListener : Condition evaluation unchanged
2024-08-28T10:39:04.259+05:30  INFO 22108 --- [oracle-springboot-demo] [File Watcher] rtingClassPathChangeChangedEventListener : Restarting due to 13 class path changes (0 additions, 0 deletions, 13 modifications)
2024-08-28T10:39:04.347+05:30  INFO 22108 --- [oracle-springboot-demo] [Thread-7] j.LocalContainerEntityManagerFactoryBean : Closing JPA EntityManagerFactory for persistence unit 'default'
2024-08-28T10:39:04.348+05:30  INFO 22108 --- [oracle-springboot-demo] [Thread-7] com.zaxxer.hikari.HikariDataSource       : HikariPool-2 - Shutdown initiated...
2024-08-28T10:39:04.351+05:30  INFO 22108 --- [oracle-springboot-demo] [Thread-7] com.zaxxer.hikari.HikariDataSource       : HikariPool-2 - Shutdown completed.
2024-08-28T10:39:04.420+05:30  INFO 22108 --- [oracle-springboot-demo] [restartedMain] com.oracle.demo.App                      : Starting App using Java 17 with PID 22108 (D:\VamanPro\Codes\oracle-2024\oracle-eclipse-ws\oracle-springboot-demo\target\classes started by DELL in D:\VamanPro\Codes\oracle-2024\oracle-eclipse-ws\oracle-springboot-demo)
2024-08-28T10:39:04.421+05:30  INFO 22108 --- [oracle-springboot-demo] [restartedMain] com.oracle.demo.App                      : No active profile set, falling back to 1 default profile: "default"
2024-08-28T10:39:04.552+05:30  INFO 22108 --- [oracle-springboot-demo] [restartedMain] .s.d.r.c.RepositoryConfigurationDelegate : Bootstrapping Spring Data JPA repositories in DEFAULT mode.
2024-08-28T10:39:04.557+05:30  INFO 22108 --- [oracle-springboot-demo] [restartedMain] .s.d.r.c.RepositoryConfigurationDelegate : Finished Spring Data repository scanning in 5 ms. Found 1 JPA repository interface.
2024-08-28T10:39:04.657+05:30  INFO 22108 --- [oracle-springboot-demo] [restartedMain] o.s.b.w.embedded.tomcat.TomcatWebServer  : Tomcat initialized with port 8090 (http)
2024-08-28T10:39:04.659+05:30  INFO 22108 --- [oracle-springboot-demo] [restartedMain] o.apache.catalina.core.StandardService   : Starting service [Tomcat]
2024-08-28T10:39:04.660+05:30  INFO 22108 --- [oracle-springboot-demo] [restartedMain] o.apache.catalina.core.StandardEngine    : Starting Servlet engine: [Apache Tomcat/10.1.28]
2024-08-28T10:39:04.673+05:30  INFO 22108 --- [oracle-springboot-demo] [restartedMain] o.a.c.c.C.[Tomcat].[localhost].[/]       : Initializing Spring embedded WebApplicationContext
2024-08-28T10:39:04.673+05:30  INFO 22108 --- [oracle-springboot-demo] [restartedMain] w.s.c.ServletWebServerApplicationContext : Root WebApplicationContext: initialization completed in 251 ms
2024-08-28T10:39:04.702+05:30  INFO 22108 --- [oracle-springboot-demo] [restartedMain] o.hibernate.jpa.internal.util.LogHelper  : HHH000204: Processing PersistenceUnitInfo [name: default]
2024-08-28T10:39:04.704+05:30  INFO 22108 --- [oracle-springboot-demo] [restartedMain] o.h.c.internal.RegionFactoryInitiator    : HHH000026: Second-level cache disabled
2024-08-28T10:39:04.711+05:30  INFO 22108 --- [oracle-springboot-demo] [restartedMain] o.s.o.j.p.SpringPersistenceUnitInfo      : No LoadTimeWeaver setup: ignoring JPA class transformer
2024-08-28T10:39:04.712+05:30  INFO 22108 --- [oracle-springboot-demo] [restartedMain] com.zaxxer.hikari.HikariDataSource       : HikariPool-3 - Starting...
2024-08-28T10:39:04.749+05:30  INFO 22108 --- [oracle-springboot-demo] [restartedMain] com.zaxxer.hikari.pool.HikariPool        : HikariPool-3 - Added connection org.postgresql.jdbc.PgConnection@65d68b4b
2024-08-28T10:39:04.749+05:30  INFO 22108 --- [oracle-springboot-demo] [restartedMain] com.zaxxer.hikari.HikariDataSource       : HikariPool-3 - Start completed.
2024-08-28T10:39:04.761+05:30  WARN 22108 --- [oracle-springboot-demo] [restartedMain] org.hibernate.orm.deprecation            : HHH90000025: PostgreSQLDialect does not need to be specified explicitly using 'hibernate.dialect' (remove the property setting and it will be selected by default)
2024-08-28T10:39:04.811+05:30  INFO 22108 --- [oracle-springboot-demo] [restartedMain] o.h.e.t.j.p.i.JtaPlatformInitiator       : HHH000489: No JTA platform available (set 'hibernate.transaction.jta.platform' to enable JTA platform integration)
2024-08-28T10:39:04.827+05:30  INFO 22108 --- [oracle-springboot-demo] [restartedMain] j.LocalContainerEntityManagerFactoryBean : Initialized JPA EntityManagerFactory for persistence unit 'default'
2024-08-28T10:39:04.891+05:30  WARN 22108 --- [oracle-springboot-demo] [restartedMain] JpaBaseConfiguration$JpaWebConfiguration : spring.jpa.open-in-view is enabled by default. Therefore, database queries may be performed during view rendering. Explicitly configure spring.jpa.open-in-view to disable this warning
2024-08-28T10:39:04.956+05:30  INFO 22108 --- [oracle-springboot-demo] [restartedMain] o.s.b.d.a.OptionalLiveReloadServer       : LiveReload server is running on port 35729
2024-08-28T10:39:04.968+05:30  INFO 22108 --- [oracle-springboot-demo] [restartedMain] o.s.b.w.embedded.tomcat.TomcatWebServer  : Tomcat started on port 8090 (http) with context path '/'
2024-08-28T10:39:04.971+05:30  INFO 22108 --- [oracle-springboot-demo] [restartedMain] com.oracle.demo.App                      : Started App in 0.57 seconds (process running for 184.288)
2024-08-28T10:39:04.972+05:30  INFO 22108 --- [oracle-springboot-demo] [restartedMain] .ConditionEvaluationDeltaLoggingListener : Condition evaluation unchanged
2024-08-28T10:39:10.721+05:30  INFO 22108 --- [oracle-springboot-demo] [http-nio-8090-exec-2] o.a.c.c.C.[Tomcat].[localhost].[/]       : Initializing Spring DispatcherServlet 'dispatcherServlet'
2024-08-28T10:39:10.721+05:30  INFO 22108 --- [oracle-springboot-demo] [http-nio-8090-exec-2] o.s.web.servlet.DispatcherServlet        : Initializing Servlet 'dispatcherServlet'
2024-08-28T10:39:10.721+05:30  INFO 22108 --- [oracle-springboot-demo] [http-nio-8090-exec-2] o.s.web.servlet.DispatcherServlet        : Completed initialization in 0 ms
2024-08-28T10:39:15.776+05:30  INFO 22108 --- [oracle-springboot-demo] [http-nio-8090-exec-3] c.o.demo.controller.EmployeeController   : employee with the id 101 found successfully.
2024-08-28T10:39:24.818+05:30  INFO 22108 --- [oracle-springboot-demo] [http-nio-8090-exec-5] c.o.demo.controller.EmployeeController   : employee with the id 101 found successfully.
2024-08-28T10:39:26.842+05:30 ERROR 22108 --- [oracle-springboot-demo] [http-nio-8090-exec-6] c.o.d.exception.GlobalExceptionHandler   : Employee with the id 1010 is not found.
2024-08-28T10:39:26.844+05:30  WARN 22108 --- [oracle-springboot-demo] [http-nio-8090-exec-6] .m.m.a.ExceptionHandlerExceptionResolver : Resolved [com.oracle.demo.exception.EmployeeNotFoundException: Employee with the id 1010 is not found.]
